<?xml version="1.0" encoding="UTF-8"?>
<testng-results ignored="0" total="1" passed="1" failed="0" skipped="0">
  <reporter-output>
  </reporter-output>
  <suite started-at="2020-09-15T16:53:36 IST" name="Default suite" finished-at="2020-09-15T16:54:16 IST" duration-ms="39084">
    <groups>
    </groups>
    <test started-at="2020-09-15T16:53:36 IST" name="Default test" finished-at="2020-09-15T16:54:16 IST" duration-ms="39084">
      <class name="com.seleniumtest.ExcelLogin">
        <test-method signature="xyz()[pri:0, instance:com.seleniumtest.ExcelLogin@3c9d0b9d]" started-at="2020-09-15T16:53:36 IST" name="xyz" finished-at="2020-09-15T16:54:16 IST" duration-ms="39027" status="PASS">
          <reporter-output>
          </reporter-output>
        </test-method> <!-- xyz -->
      </class> <!-- com.seleniumtest.ExcelLogin -->
    </test> <!-- Default test -->
  </suite> <!-- Default suite -->
</testng-results>
