<?xml version="1.0" encoding="UTF-8"?>
<!-- Generated by org.testng.reporters.JUnitXMLReporter -->
<testsuite ignored="1" hostname="LAPTOP-J82473UA" failures="0" tests="2" name="Test" time="0.043" errors="0" timestamp="2020-09-15T11:53:48 IST">
  <testcase classname="com.testng.DependsOnGroup" name="login" time="0.006"/>
  <testcase classname="com.testng.DependsOnGroup" name="logout" time="0.001"/>
  <testcase classname="com.testng.DependsOnGroup" name="search" time="0.0">
    <ignored/>
  </testcase> <!-- search -->
</testsuite> <!-- Test -->
